<?xml version="1.0" encoding="UTF-8"?>
<!-- Generated by org.testng.reporters.JUnitXMLReporter -->
<testsuite hostname="HW2307" name="firefoxWindowsLocal" tests="2" failures="0" timestamp="15 Apr 2016 07:42:18 GMT" time="60.607" errors="0">
  <testcase name="@BeforeClass beforeTest" time="0.0" classname="com.Mumms.scripts.Admin">
    <failure type="org.openqa.selenium.WebDriverException" message="Failed to connect to binary FirefoxBinary(C:\Program Files (x86)\Mozilla Firefox\firefox.exe) on port 7055; process output follows: 
6093944	addons.xpi	DEBUG	getModTime: Recursive scan of {972ce4c6-7e08-4474-a285-3208198ce6fd}
1460706093944	addons.xpi	DEBUG	Updating XPIState for {&amp;quot;id&amp;quot;:&amp;quot;{D19CA586-DD6C-4a0a-96F8-14644F340D60}&amp;quot;,&amp;quot;syncGUID&amp;quot;:&amp;quot;LY_NbieGE558&amp;quot;,&amp;quot;location&amp;quot;:&amp;quot;winreg-app-global&amp;quot;,&amp;quot;version&amp;quot;:&amp;quot;IDS_SS_VERSION&amp;quot;,&amp;quot;type&amp;quot;:&amp;quot;extension&amp;quot;,&amp;quot;internalName&amp;quot;:null,&amp;quot;updateURL&amp;quot;:null,&amp;quot;updateKey&amp;quot;:null,&amp;quot;optionsURL&amp;quot;:null,&amp;quot;optionsType&amp;quot;:null,&amp;quot;aboutURL&amp;quot;:null,&amp;quot;icons&amp;quot;:{},&amp;quot;iconURL&amp;quot;:&amp;quot;chrome://vscore/content/ScriptFF.gif&amp;quot;,&amp;quot;icon64URL&amp;quot;:null,&amp;quot;defaultLocale&amp;quot;:{&amp;quot;name&amp;quot;:&amp;quot;IDS_SS_NAME&amp;quot;,&amp;quot;description&amp;quot;:null,&amp;quot;creator&amp;quot;:&amp;quot;McAfee, Inc.&amp;quot;,&amp;quot;homepageURL&amp;quot;:null},&amp;quot;visible&amp;quot;:true,&amp;quot;active&amp;quot;:false,&amp;quot;userDisabled&amp;quot;:true,&amp;quot;appDisabled&amp;quot;:true,&amp;quot;descriptor&amp;quot;:&amp;quot;C:\\Program Files (x86)\\Common Files\\McAfee\\SystemCore&amp;quot;,&amp;quot;installDate&amp;quot;:1446205398673,&amp;quot;updateDate&amp;quot;:1446205398673,&amp;quot;applyBackgroundUpdates&amp;quot;:1,&amp;quot;bootstrap&amp;quot;:false,&amp;quot;skinnable&amp;quot;:false,&amp;quot;size&amp;quot;:2012568,&amp;quot;sourceURI&amp;quot;:null,&amp;quot;releaseNotesURI&amp;quot;:null,&amp;quot;softDisabled&amp;quot;:false,&amp;quot;foreignInstall&amp;quot;:true,&amp;quot;hasBinaryComponents&amp;quot;:false,&amp;quot;strictCompatibility&amp;quot;:false,&amp;quot;locales&amp;quot;:[],&amp;quot;targetApplications&amp;quot;:[{&amp;quot;id&amp;quot;:&amp;quot;{ec8030f7-c20a-464f-9b0e-13a3a9e97384}&amp;quot;,&amp;quot;minVersion&amp;quot;:&amp;quot;1.5&amp;quot;,&amp;quot;maxVersion&amp;quot;:&amp;quot;9.9&amp;quot;}],&amp;quot;targetPlatforms&amp;quot;:[],&amp;quot;multiprocessCompatible&amp;quot;:false,&amp;quot;signedState&amp;quot;:0,&amp;quot;seen&amp;quot;:true}
1460706093945	DeferredSave.extensions.json	DEBUG	Save changes
1460706093945	addons.xpi	DEBUG	Updating database with changes to installed add-ons
1460706093945	addons.xpi-utils	DEBUG	Updating add-on states
1460706093948	addons.xpi-utils	DEBUG	Writing add-ons list
1460706093952	addons.xpi	DEBUG	Registering manifest for C:\Program Files (x86)\Mozilla Firefox\browser\features\loop@mozilla.org.xpi
1460706093953	addons.xpi	DEBUG	Calling bootstrap method startup on loop@mozilla.org version 1.1.14
1460706093962	addons.manager	DEBUG	Starting provider: &amp;lt;unnamed-provider&amp;gt;
1460706093962	addons.manager	DEBUG	Registering shutdown blocker for &amp;lt;unnamed-provider&amp;gt;
1460706093962	addons.manager	DEBUG	Provider finished startup: &amp;lt;unnamed-provider&amp;gt;
1460706093969	addons.xpi	DEBUG	Registering manifest for C:\Program Files (x86)\Mozilla Firefox\browser\extensions\{82AF8DCA-6DE9-405D-BD5E-43525BDAD38A}.xpi
1460706093969	addons.xpi	DEBUG	Calling bootstrap method startup on {82AF8DCA-6DE9-405D-BD5E-43525BDAD38A} version 8.0.0.9103
1460706094031	addons.manager	DEBUG	Registering shutdown blocker for XPIProvider
1460706094031	addons.manager	DEBUG	Provider finished startup: XPIProvider
1460706094031	addons.manager	DEBUG	Starting provider: LightweightThemeManager
1460706094031	addons.manager	DEBUG	Registering shutdown blocker for LightweightThemeManager
1460706094031	addons.manager	DEBUG	Provider finished startup: LightweightThemeManager
1460706094032	addons.manager	DEBUG	Starting provider: GMPProvider
1460706094035	addons.manager	DEBUG	Registering shutdown blocker for GMPProvider
1460706094035	addons.manager	DEBUG	Provider finished startup: GMPProvider
1460706094035	addons.manager	DEBUG	Starting provider: PluginProvider
1460706094035	addons.manager	DEBUG	Registering shutdown blocker for PluginProvider
1460706094035	addons.manager	DEBUG	Provider finished startup: PluginProvider
1460706094035	addons.manager	DEBUG	Completed startup sequence
1460706095342	DeferredSave.extensions.json	DEBUG	Write succeeded
1460706095342	addons.xpi-utils	DEBUG	XPI Database saved, setting schema version preference to 17
1460706095342	DeferredSave.extensions.json	DEBUG	Starting timer
1460706095353	addons.repository	DEBUG	No addons.json found.
1460706095353	DeferredSave.addons.json	DEBUG	Save changes
1460706095381	DeferredSave.addons.json	DEBUG	Starting timer
1460706095778	addons.manager	DEBUG	Starting provider: PreviousExperimentProvider
1460706095778	addons.manager	DEBUG	Registering shutdown blocker for PreviousExperimentProvider
1460706095778	addons.manager	DEBUG	Provider finished startup: PreviousExperimentProvider
1460706095781	DeferredSave.extensions.json	DEBUG	Starting write
1460706095783	DeferredSave.addons.json	DEBUG	Starting write
1460706095948	DeferredSave.extensions.json	DEBUG	Write succeeded
1460706095953	DeferredSave.addons.json	DEBUG	Write succeeded

Build info: version: &amp;apos;2.46.0&amp;apos;, revision: &amp;apos;61506a4624b13675f24581e453592342b7485d71&amp;apos;, time: &amp;apos;2015-06-04 10:22:50&amp;apos;
System info: host: &amp;apos;HW2307&amp;apos;, ip: &amp;apos;172.16.18.119&amp;apos;, os.name: &amp;apos;Windows 7&amp;apos;, os.arch: &amp;apos;amd64&amp;apos;, os.version: &amp;apos;6.1&amp;apos;, java.version: &amp;apos;1.8.0_51&amp;apos;
Driver info: driver.version: FirefoxDriver">
      <![CDATA[org.openqa.selenium.WebDriverException: Failed to connect to binary FirefoxBinary(C:\Program Files (x86)\Mozilla Firefox\firefox.exe) on port 7055; process output follows: 
6093944	addons.xpi	DEBUG	getModTime: Recursive scan of {972ce4c6-7e08-4474-a285-3208198ce6fd}
1460706093944	addons.xpi	DEBUG	Updating XPIState for {"id":"{D19CA586-DD6C-4a0a-96F8-14644F340D60}","syncGUID":"LY_NbieGE558","location":"winreg-app-global","version":"IDS_SS_VERSION","type":"extension","internalName":null,"updateURL":null,"updateKey":null,"optionsURL":null,"optionsType":null,"aboutURL":null,"icons":{},"iconURL":"chrome://vscore/content/ScriptFF.gif","icon64URL":null,"defaultLocale":{"name":"IDS_SS_NAME","description":null,"creator":"McAfee, Inc.","homepageURL":null},"visible":true,"active":false,"userDisabled":true,"appDisabled":true,"descriptor":"C:\\Program Files (x86)\\Common Files\\McAfee\\SystemCore","installDate":1446205398673,"updateDate":1446205398673,"applyBackgroundUpdates":1,"bootstrap":false,"skinnable":false,"size":2012568,"sourceURI":null,"releaseNotesURI":null,"softDisabled":false,"foreignInstall":true,"hasBinaryComponents":false,"strictCompatibility":false,"locales":[],"targetApplications":[{"id":"{ec8030f7-c20a-464f-9b0e-13a3a9e97384}","minVersion":"1.5","maxVersion":"9.9"}],"targetPlatforms":[],"multiprocessCompatible":false,"signedState":0,"seen":true}
1460706093945	DeferredSave.extensions.json	DEBUG	Save changes
1460706093945	addons.xpi	DEBUG	Updating database with changes to installed add-ons
1460706093945	addons.xpi-utils	DEBUG	Updating add-on states
1460706093948	addons.xpi-utils	DEBUG	Writing add-ons list
1460706093952	addons.xpi	DEBUG	Registering manifest for C:\Program Files (x86)\Mozilla Firefox\browser\features\loop@mozilla.org.xpi
1460706093953	addons.xpi	DEBUG	Calling bootstrap method startup on loop@mozilla.org version 1.1.14
1460706093962	addons.manager	DEBUG	Starting provider: <unnamed-provider>
1460706093962	addons.manager	DEBUG	Registering shutdown blocker for <unnamed-provider>
1460706093962	addons.manager	DEBUG	Provider finished startup: <unnamed-provider>
1460706093969	addons.xpi	DEBUG	Registering manifest for C:\Program Files (x86)\Mozilla Firefox\browser\extensions\{82AF8DCA-6DE9-405D-BD5E-43525BDAD38A}.xpi
1460706093969	addons.xpi	DEBUG	Calling bootstrap method startup on {82AF8DCA-6DE9-405D-BD5E-43525BDAD38A} version 8.0.0.9103
1460706094031	addons.manager	DEBUG	Registering shutdown blocker for XPIProvider
1460706094031	addons.manager	DEBUG	Provider finished startup: XPIProvider
1460706094031	addons.manager	DEBUG	Starting provider: LightweightThemeManager
1460706094031	addons.manager	DEBUG	Registering shutdown blocker for LightweightThemeManager
1460706094031	addons.manager	DEBUG	Provider finished startup: LightweightThemeManager
1460706094032	addons.manager	DEBUG	Starting provider: GMPProvider
1460706094035	addons.manager	DEBUG	Registering shutdown blocker for GMPProvider
1460706094035	addons.manager	DEBUG	Provider finished startup: GMPProvider
1460706094035	addons.manager	DEBUG	Starting provider: PluginProvider
1460706094035	addons.manager	DEBUG	Registering shutdown blocker for PluginProvider
1460706094035	addons.manager	DEBUG	Provider finished startup: PluginProvider
1460706094035	addons.manager	DEBUG	Completed startup sequence
1460706095342	DeferredSave.extensions.json	DEBUG	Write succeeded
1460706095342	addons.xpi-utils	DEBUG	XPI Database saved, setting schema version preference to 17
1460706095342	DeferredSave.extensions.json	DEBUG	Starting timer
1460706095353	addons.repository	DEBUG	No addons.json found.
1460706095353	DeferredSave.addons.json	DEBUG	Save changes
1460706095381	DeferredSave.addons.json	DEBUG	Starting timer
1460706095778	addons.manager	DEBUG	Starting provider: PreviousExperimentProvider
1460706095778	addons.manager	DEBUG	Registering shutdown blocker for PreviousExperimentProvider
1460706095778	addons.manager	DEBUG	Provider finished startup: PreviousExperimentProvider
1460706095781	DeferredSave.extensions.json	DEBUG	Starting write
1460706095783	DeferredSave.addons.json	DEBUG	Starting write
1460706095948	DeferredSave.extensions.json	DEBUG	Write succeeded
1460706095953	DeferredSave.addons.json	DEBUG	Write succeeded

Build info: version: '2.46.0', revision: '61506a4624b13675f24581e453592342b7485d71', time: '2015-06-04 10:22:50'
System info: host: 'HW2307', ip: '172.16.18.119', os.name: 'Windows 7', os.arch: 'amd64', os.version: '6.1', java.version: '1.8.0_51'
Driver info: driver.version: FirefoxDriver
	at org.openqa.selenium.firefox.internal.NewProfileExtensionConnection.start(NewProfileExtensionConnection.java:132)
	at org.openqa.selenium.firefox.FirefoxDriver.startClient(FirefoxDriver.java:275)
	at org.openqa.selenium.remote.RemoteWebDriver.<init>(RemoteWebDriver.java:116)
	at org.openqa.selenium.firefox.FirefoxDriver.<init>(FirefoxDriver.java:220)
	at org.openqa.selenium.firefox.FirefoxDriver.<init>(FirefoxDriver.java:215)
	at org.openqa.selenium.firefox.FirefoxDriver.<init>(FirefoxDriver.java:211)
	at org.openqa.selenium.firefox.FirefoxDriver.<init>(FirefoxDriver.java:124)
	at com.automation.accelerators.TestEngineWeb.setWebDriverForLocal(TestEngineWeb.java:230)
	at com.automation.accelerators.TestEngineWeb.beforeTest(TestEngineWeb.java:137)
	at java.util.concurrent.FutureTask.run(FutureTask.java:266)
	at java.util.concurrent.ThreadPoolExecutor.runWorker(ThreadPoolExecutor.java:1142)
	at java.util.concurrent.ThreadPoolExecutor$Worker.run(ThreadPoolExecutor.java:617)
	at java.lang.Thread.run(Thread.java:745)
Caused by: org.openqa.selenium.firefox.NotConnectedException: Unable to connect to host 127.0.0.1 on port 7055 after 45000 ms. Firefox console output:
6093944	addons.xpi	DEBUG	getModTime: Recursive scan of {972ce4c6-7e08-4474-a285-3208198ce6fd}
1460706093944	addons.xpi	DEBUG	Updating XPIState for {"id":"{D19CA586-DD6C-4a0a-96F8-14644F340D60}","syncGUID":"LY_NbieGE558","location":"winreg-app-global","version":"IDS_SS_VERSION","type":"extension","internalName":null,"updateURL":null,"updateKey":null,"optionsURL":null,"optionsType":null,"aboutURL":null,"icons":{},"iconURL":"chrome://vscore/content/ScriptFF.gif","icon64URL":null,"defaultLocale":{"name":"IDS_SS_NAME","description":null,"creator":"McAfee, Inc.","homepageURL":null},"visible":true,"active":false,"userDisabled":true,"appDisabled":true,"descriptor":"C:\\Program Files (x86)\\Common Files\\McAfee\\SystemCore","installDate":1446205398673,"updateDate":1446205398673,"applyBackgroundUpdates":1,"bootstrap":false,"skinnable":false,"size":2012568,"sourceURI":null,"releaseNotesURI":null,"softDisabled":false,"foreignInstall":true,"hasBinaryComponents":false,"strictCompatibility":false,"locales":[],"targetApplications":[{"id":"{ec8030f7-c20a-464f-9b0e-13a3a9e97384}","minVersion":"1.5","maxVersion":"9.9"}],"targetPlatforms":[],"multiprocessCompatible":false,"signedState":0,"seen":true}
1460706093945	DeferredSave.extensions.json	DEBUG	Save changes
1460706093945	addons.xpi	DEBUG	Updating database with changes to installed add-ons
1460706093945	addons.xpi-utils	DEBUG	Updating add-on states
1460706093948	addons.xpi-utils	DEBUG	Writing add-ons list
1460706093952	addons.xpi	DEBUG	Registering manifest for C:\Program Files (x86)\Mozilla Firefox\browser\features\loop@mozilla.org.xpi
1460706093953	addons.xpi	DEBUG	Calling bootstrap method startup on loop@mozilla.org version 1.1.14
1460706093962	addons.manager	DEBUG	Starting provider: <unnamed-provider>
1460706093962	addons.manager	DEBUG	Registering shutdown blocker for <unnamed-provider>
1460706093962	addons.manager	DEBUG	Provider finished startup: <unnamed-provider>
1460706093969	addons.xpi	DEBUG	Registering manifest for C:\Program Files (x86)\Mozilla Firefox\browser\extensions\{82AF8DCA-6DE9-405D-BD5E-43525BDAD38A}.xpi
1460706093969	addons.xpi	DEBUG	Calling bootstrap method startup on {82AF8DCA-6DE9-405D-BD5E-43525BDAD38A} version 8.0.0.9103
1460706094031	addons.manager	DEBUG	Registering shutdown blocker for XPIProvider
1460706094031	addons.manager	DEBUG	Provider finished startup: XPIProvider
1460706094031	addons.manager	DEBUG	Starting provider: LightweightThemeManager
1460706094031	addons.manager	DEBUG	Registering shutdown blocker for LightweightThemeManager
1460706094031	addons.manager	DEBUG	Provider finished startup: LightweightThemeManager
1460706094032	addons.manager	DEBUG	Starting provider: GMPProvider
1460706094035	addons.manager	DEBUG	Registering shutdown blocker for GMPProvider
1460706094035	addons.manager	DEBUG	Provider finished startup: GMPProvider
1460706094035	addons.manager	DEBUG	Starting provider: PluginProvider
1460706094035	addons.manager	DEBUG	Registering shutdown blocker for PluginProvider
1460706094035	addons.manager	DEBUG	Provider finished startup: PluginProvider
1460706094035	addons.manager	DEBUG	Completed startup sequence
1460706095342	DeferredSave.extensions.json	DEBUG	Write succeeded
1460706095342	addons.xpi-utils	DEBUG	XPI Database saved, setting schema version preference to 17
1460706095342	DeferredSave.extensions.json	DEBUG	Starting timer
1460706095353	addons.repository	DEBUG	No addons.json found.
1460706095353	DeferredSave.addons.json	DEBUG	Save changes
1460706095381	DeferredSave.addons.json	DEBUG	Starting timer
1460706095778	addons.manager	DEBUG	Starting provider: PreviousExperimentProvider
1460706095778	addons.manager	DEBUG	Registering shutdown blocker for PreviousExperimentProvider
1460706095778	addons.manager	DEBUG	Provider finished startup: PreviousExperimentProvider
1460706095781	DeferredSave.extensions.json	DEBUG	Starting write
1460706095783	DeferredSave.addons.json	DEBUG	Starting write
1460706095948	DeferredSave.extensions.json	DEBUG	Write succeeded
1460706095953	DeferredSave.addons.json	DEBUG	Write succeeded

	at org.openqa.selenium.firefox.internal.NewProfileExtensionConnection.start(NewProfileExtensionConnection.java:120)
	... 28 more
... Removed 16 stack frames]]>
    </failure>
  </testcase> <!-- @BeforeClass beforeTest -->
  <testcase name="@BeforeMethod beforeMethod" time="0.0" classname="com.Mumms.scripts.Admin">
    <skipped/>
  </testcase> <!-- @BeforeMethod beforeMethod -->
  <testcase name="@BeforeMethod login" time="0.0" classname="com.Mumms.scripts.Admin">
    <skipped/>
  </testcase> <!-- @BeforeMethod login -->
  <testcase name="@AfterMethod logOut" time="0.0" classname="com.Mumms.scripts.Admin">
    <skipped/>
  </testcase> <!-- @AfterMethod logOut -->
  <testcase name="@AfterMethod afterMethod" time="0.0" classname="com.Mumms.scripts.Admin">
    <skipped/>
  </testcase> <!-- @AfterMethod afterMethod -->
  <testcase name="@BeforeMethod beforeMethod" time="0.0" classname="com.Mumms.scripts.Admin">
    <skipped/>
  </testcase> <!-- @BeforeMethod beforeMethod -->
  <testcase name="@BeforeMethod login" time="0.0" classname="com.Mumms.scripts.Admin">
    <skipped/>
  </testcase> <!-- @BeforeMethod login -->
  <testcase name="@AfterMethod logOut" time="0.0" classname="com.Mumms.scripts.Admin">
    <skipped/>
  </testcase> <!-- @AfterMethod logOut -->
  <testcase name="@AfterMethod afterMethod" time="0.0" classname="com.Mumms.scripts.Admin">
    <skipped/>
  </testcase> <!-- @AfterMethod afterMethod -->
  <testcase name="@AfterClass afterTest" time="0.0" classname="com.Mumms.scripts.Admin">
    <failure type="java.lang.NullPointerException">
      <![CDATA[java.lang.NullPointerException
	at com.automation.accelerators.TestEngineWeb.afterTest(TestEngineWeb.java:172)
	at java.util.concurrent.FutureTask.run(FutureTask.java:266)
	at java.util.concurrent.ThreadPoolExecutor.runWorker(ThreadPoolExecutor.java:1142)
	at java.util.concurrent.ThreadPoolExecutor$Worker.run(ThreadPoolExecutor.java:617)
	at java.lang.Thread.run(Thread.java:745)
... Removed 16 stack frames]]>
    </failure>
  </testcase> <!-- @AfterClass afterTest -->
  <testcase name="verifyDiagnosisCodes" time="0.0" classname="com.Mumms.scripts.Admin">
    <skipped/>
  </testcase> <!-- verifyDiagnosisCodes -->
  <testcase name="verifyNewPersonsDetails" time="0.0" classname="com.Mumms.scripts.Admin">
    <skipped/>
  </testcase> <!-- verifyNewPersonsDetails -->
</testsuite> <!-- firefoxWindowsLocal -->
