<?xml version="1.0" encoding="UTF-8"?>
<!-- Generated by org.testng.reporters.JUnitXMLReporter -->
<testsuite hostname="HW0380" name="Default test" tests="40" failures="0" timestamp="14 Mar 2016 14:13:59 GMT" time="0.492" errors="0">
  <testcase name="@BeforeSuite beforeSuite" time="0.0" classname="com.Mumms.scripts.Admin">
    <failure type="org.testng.TestNGException" message="
Parameter &amp;apos;executionType&amp;apos; is required by @Configuration on method beforeSuite but has not been marked @Optional or defined
in C:\Users\in01994\AppData\Local\Temp\testng-eclipse-754861828\testng-customsuite.xml">
      <![CDATA[org.testng.TestNGException: 
Parameter 'executionType' is required by @Configuration on method beforeSuite but has not been marked @Optional or defined
in C:\Users\in01994\AppData\Local\Temp\testng-eclipse-754861828\testng-customsuite.xml
	at org.testng.internal.Parameters.createParameters(Parameters.java:148)
	at org.testng.internal.Parameters.createParameters(Parameters.java:361)
	at org.testng.internal.Parameters.createConfigurationParameters(Parameters.java:84)
	at org.testng.internal.Invoker.invokeConfigurations(Invoker.java:197)
	at org.testng.internal.Invoker.invokeConfigurations(Invoker.java:138)
	at org.testng.SuiteRunner.privateRun(SuiteRunner.java:296)
	at org.testng.SuiteRunner.run(SuiteRunner.java:259)
	at org.testng.SuiteRunnerWorker.runSuite(SuiteRunnerWorker.java:52)
	at org.testng.SuiteRunnerWorker.run(SuiteRunnerWorker.java:86)
	at org.testng.TestNG.runSuitesSequentially(TestNG.java:1185)
	at org.testng.TestNG.runSuitesLocally(TestNG.java:1110)
	at org.testng.TestNG.run(TestNG.java:1018)
	at org.testng.remote.RemoteTestNG.run(RemoteTestNG.java:111)
	at org.testng.remote.RemoteTestNG.initAndRun(RemoteTestNG.java:204)
	at org.testng.remote.RemoteTestNG.main(RemoteTestNG.java:175)
]]>
    </failure>
  </testcase> <!-- @BeforeSuite beforeSuite -->
  <testcase name="@BeforeClass beforeTest" time="0.0" classname="com.Mumms.scripts.Admin">
    <failure type="org.testng.TestNGException" message="
Parameter &amp;apos;automationName&amp;apos; is required by @Configuration on method beforeTest but has not been marked @Optional or defined
in C:\Users\in01994\AppData\Local\Temp\testng-eclipse-754861828\testng-customsuite.xml">
      <![CDATA[org.testng.TestNGException: 
Parameter 'automationName' is required by @Configuration on method beforeTest but has not been marked @Optional or defined
in C:\Users\in01994\AppData\Local\Temp\testng-eclipse-754861828\testng-customsuite.xml
	at org.testng.internal.Parameters.createParameters(Parameters.java:148)
	at org.testng.internal.Parameters.createParameters(Parameters.java:361)
	at org.testng.internal.Parameters.createConfigurationParameters(Parameters.java:84)
	at org.testng.internal.Invoker.invokeConfigurations(Invoker.java:197)
	at org.testng.internal.Invoker.invokeConfigurations(Invoker.java:138)
	at org.testng.internal.TestMethodWorker.invokeBeforeClassMethods(TestMethodWorker.java:170)
	at org.testng.internal.TestMethodWorker.run(TestMethodWorker.java:104)
	at org.testng.TestRunner.privateRun(TestRunner.java:773)
	at org.testng.TestRunner.run(TestRunner.java:623)
	at org.testng.SuiteRunner.runTest(SuiteRunner.java:357)
	at org.testng.SuiteRunner.runSequentially(SuiteRunner.java:352)
	at org.testng.SuiteRunner.privateRun(SuiteRunner.java:310)
	at org.testng.SuiteRunner.run(SuiteRunner.java:259)
	at org.testng.SuiteRunnerWorker.runSuite(SuiteRunnerWorker.java:52)
	at org.testng.SuiteRunnerWorker.run(SuiteRunnerWorker.java:86)
	at org.testng.TestNG.runSuitesSequentially(TestNG.java:1185)
	at org.testng.TestNG.runSuitesLocally(TestNG.java:1110)
	at org.testng.TestNG.run(TestNG.java:1018)
	at org.testng.remote.RemoteTestNG.run(RemoteTestNG.java:111)
	at org.testng.remote.RemoteTestNG.initAndRun(RemoteTestNG.java:204)
	at org.testng.remote.RemoteTestNG.main(RemoteTestNG.java:175)
]]>
    </failure>
  </testcase> <!-- @BeforeClass beforeTest -->
  <testcase name="@BeforeMethod beforeMethod" time="0.0" classname="com.Mumms.scripts.Admin">
    <skipped/>
  </testcase> <!-- @BeforeMethod beforeMethod -->
  <testcase name="@BeforeMethod login" time="0.0" classname="com.Mumms.scripts.Admin">
    <skipped/>
  </testcase> <!-- @BeforeMethod login -->
  <testcase name="@AfterMethod logOut" time="0.0" classname="com.Mumms.scripts.Admin">
    <skipped/>
  </testcase> <!-- @AfterMethod logOut -->
  <testcase name="@AfterMethod afterMethod" time="0.0" classname="com.Mumms.scripts.Admin">
    <skipped/>
  </testcase> <!-- @AfterMethod afterMethod -->
  <testcase name="@BeforeMethod beforeMethod" time="0.0" classname="com.Mumms.scripts.Admin">
    <skipped/>
  </testcase> <!-- @BeforeMethod beforeMethod -->
  <testcase name="@BeforeMethod login" time="0.0" classname="com.Mumms.scripts.Admin">
    <skipped/>
  </testcase> <!-- @BeforeMethod login -->
  <testcase name="@AfterMethod logOut" time="0.0" classname="com.Mumms.scripts.Admin">
    <skipped/>
  </testcase> <!-- @AfterMethod logOut -->
  <testcase name="@AfterMethod afterMethod" time="0.0" classname="com.Mumms.scripts.Admin">
    <skipped/>
  </testcase> <!-- @AfterMethod afterMethod -->
  <testcase name="@BeforeMethod beforeMethod" time="0.0" classname="com.Mumms.scripts.Admin">
    <skipped/>
  </testcase> <!-- @BeforeMethod beforeMethod -->
  <testcase name="@BeforeMethod login" time="0.0" classname="com.Mumms.scripts.Admin">
    <skipped/>
  </testcase> <!-- @BeforeMethod login -->
  <testcase name="@AfterMethod logOut" time="0.0" classname="com.Mumms.scripts.Admin">
    <skipped/>
  </testcase> <!-- @AfterMethod logOut -->
  <testcase name="@AfterMethod afterMethod" time="0.0" classname="com.Mumms.scripts.Admin">
    <skipped/>
  </testcase> <!-- @AfterMethod afterMethod -->
  <testcase name="@BeforeMethod beforeMethod" time="0.0" classname="com.Mumms.scripts.Admin">
    <skipped/>
  </testcase> <!-- @BeforeMethod beforeMethod -->
  <testcase name="@BeforeMethod login" time="0.0" classname="com.Mumms.scripts.Admin">
    <skipped/>
  </testcase> <!-- @BeforeMethod login -->
  <testcase name="@AfterMethod logOut" time="0.0" classname="com.Mumms.scripts.Admin">
    <skipped/>
  </testcase> <!-- @AfterMethod logOut -->
  <testcase name="@AfterMethod afterMethod" time="0.0" classname="com.Mumms.scripts.Admin">
    <skipped/>
  </testcase> <!-- @AfterMethod afterMethod -->
  <testcase name="@BeforeMethod beforeMethod" time="0.0" classname="com.Mumms.scripts.Admin">
    <skipped/>
  </testcase> <!-- @BeforeMethod beforeMethod -->
  <testcase name="@BeforeMethod login" time="0.0" classname="com.Mumms.scripts.Admin">
    <skipped/>
  </testcase> <!-- @BeforeMethod login -->
  <testcase name="@AfterMethod logOut" time="0.0" classname="com.Mumms.scripts.Admin">
    <skipped/>
  </testcase> <!-- @AfterMethod logOut -->
  <testcase name="@AfterMethod afterMethod" time="0.0" classname="com.Mumms.scripts.Admin">
    <skipped/>
  </testcase> <!-- @AfterMethod afterMethod -->
  <testcase name="@BeforeMethod beforeMethod" time="0.0" classname="com.Mumms.scripts.Admin">
    <skipped/>
  </testcase> <!-- @BeforeMethod beforeMethod -->
  <testcase name="@BeforeMethod login" time="0.0" classname="com.Mumms.scripts.Admin">
    <skipped/>
  </testcase> <!-- @BeforeMethod login -->
  <testcase name="@AfterMethod logOut" time="0.0" classname="com.Mumms.scripts.Admin">
    <skipped/>
  </testcase> <!-- @AfterMethod logOut -->
  <testcase name="@AfterMethod afterMethod" time="0.0" classname="com.Mumms.scripts.Admin">
    <skipped/>
  </testcase> <!-- @AfterMethod afterMethod -->
  <testcase name="@BeforeMethod beforeMethod" time="0.0" classname="com.Mumms.scripts.Admin">
    <skipped/>
  </testcase> <!-- @BeforeMethod beforeMethod -->
  <testcase name="@BeforeMethod login" time="0.0" classname="com.Mumms.scripts.Admin">
    <skipped/>
  </testcase> <!-- @BeforeMethod login -->
  <testcase name="@AfterMethod logOut" time="0.0" classname="com.Mumms.scripts.Admin">
    <skipped/>
  </testcase> <!-- @AfterMethod logOut -->
  <testcase name="@AfterMethod afterMethod" time="0.0" classname="com.Mumms.scripts.Admin">
    <skipped/>
  </testcase> <!-- @AfterMethod afterMethod -->
  <testcase name="@BeforeMethod beforeMethod" time="0.0" classname="com.Mumms.scripts.Admin">
    <skipped/>
  </testcase> <!-- @BeforeMethod beforeMethod -->
  <testcase name="@BeforeMethod login" time="0.0" classname="com.Mumms.scripts.Admin">
    <skipped/>
  </testcase> <!-- @BeforeMethod login -->
  <testcase name="@AfterMethod logOut" time="0.0" classname="com.Mumms.scripts.Admin">
    <skipped/>
  </testcase> <!-- @AfterMethod logOut -->
  <testcase name="@AfterMethod afterMethod" time="0.0" classname="com.Mumms.scripts.Admin">
    <skipped/>
  </testcase> <!-- @AfterMethod afterMethod -->
  <testcase name="@BeforeMethod beforeMethod" time="0.0" classname="com.Mumms.scripts.Admin">
    <skipped/>
  </testcase> <!-- @BeforeMethod beforeMethod -->
  <testcase name="@BeforeMethod login" time="0.0" classname="com.Mumms.scripts.Admin">
    <skipped/>
  </testcase> <!-- @BeforeMethod login -->
  <testcase name="@AfterMethod logOut" time="0.0" classname="com.Mumms.scripts.Admin">
    <skipped/>
  </testcase> <!-- @AfterMethod logOut -->
  <testcase name="@AfterMethod afterMethod" time="0.0" classname="com.Mumms.scripts.Admin">
    <skipped/>
  </testcase> <!-- @AfterMethod afterMethod -->
  <testcase name="@BeforeMethod beforeMethod" time="0.0" classname="com.Mumms.scripts.Admin">
    <skipped/>
  </testcase> <!-- @BeforeMethod beforeMethod -->
  <testcase name="@BeforeMethod login" time="0.0" classname="com.Mumms.scripts.Admin">
    <skipped/>
  </testcase> <!-- @BeforeMethod login -->
  <testcase name="@AfterMethod logOut" time="0.0" classname="com.Mumms.scripts.Admin">
    <skipped/>
  </testcase> <!-- @AfterMethod logOut -->
  <testcase name="@AfterMethod afterMethod" time="0.0" classname="com.Mumms.scripts.Admin">
    <skipped/>
  </testcase> <!-- @AfterMethod afterMethod -->
  <testcase name="@BeforeMethod beforeMethod" time="0.0" classname="com.Mumms.scripts.Admin">
    <skipped/>
  </testcase> <!-- @BeforeMethod beforeMethod -->
  <testcase name="@BeforeMethod login" time="0.0" classname="com.Mumms.scripts.Admin">
    <skipped/>
  </testcase> <!-- @BeforeMethod login -->
  <testcase name="@AfterMethod logOut" time="0.0" classname="com.Mumms.scripts.Admin">
    <skipped/>
  </testcase> <!-- @AfterMethod logOut -->
  <testcase name="@AfterMethod afterMethod" time="0.0" classname="com.Mumms.scripts.Admin">
    <skipped/>
  </testcase> <!-- @AfterMethod afterMethod -->
  <testcase name="@BeforeMethod beforeMethod" time="0.0" classname="com.Mumms.scripts.Admin">
    <skipped/>
  </testcase> <!-- @BeforeMethod beforeMethod -->
  <testcase name="@BeforeMethod login" time="0.0" classname="com.Mumms.scripts.Admin">
    <skipped/>
  </testcase> <!-- @BeforeMethod login -->
  <testcase name="@AfterMethod logOut" time="0.0" classname="com.Mumms.scripts.Admin">
    <skipped/>
  </testcase> <!-- @AfterMethod logOut -->
  <testcase name="@AfterMethod afterMethod" time="0.0" classname="com.Mumms.scripts.Admin">
    <skipped/>
  </testcase> <!-- @AfterMethod afterMethod -->
  <testcase name="@BeforeMethod beforeMethod" time="0.0" classname="com.Mumms.scripts.Admin">
    <skipped/>
  </testcase> <!-- @BeforeMethod beforeMethod -->
  <testcase name="@BeforeMethod login" time="0.0" classname="com.Mumms.scripts.Admin">
    <skipped/>
  </testcase> <!-- @BeforeMethod login -->
  <testcase name="@AfterMethod logOut" time="0.0" classname="com.Mumms.scripts.Admin">
    <skipped/>
  </testcase> <!-- @AfterMethod logOut -->
  <testcase name="@AfterMethod afterMethod" time="0.0" classname="com.Mumms.scripts.Admin">
    <skipped/>
  </testcase> <!-- @AfterMethod afterMethod -->
  <testcase name="@BeforeMethod beforeMethod" time="0.0" classname="com.Mumms.scripts.Admin">
    <skipped/>
  </testcase> <!-- @BeforeMethod beforeMethod -->
  <testcase name="@BeforeMethod login" time="0.0" classname="com.Mumms.scripts.Admin">
    <skipped/>
  </testcase> <!-- @BeforeMethod login -->
  <testcase name="@AfterMethod logOut" time="0.0" classname="com.Mumms.scripts.Admin">
    <skipped/>
  </testcase> <!-- @AfterMethod logOut -->
  <testcase name="@AfterMethod afterMethod" time="0.0" classname="com.Mumms.scripts.Admin">
    <skipped/>
  </testcase> <!-- @AfterMethod afterMethod -->
  <testcase name="@BeforeMethod beforeMethod" time="0.0" classname="com.Mumms.scripts.Admin">
    <skipped/>
  </testcase> <!-- @BeforeMethod beforeMethod -->
  <testcase name="@BeforeMethod login" time="0.0" classname="com.Mumms.scripts.Admin">
    <skipped/>
  </testcase> <!-- @BeforeMethod login -->
  <testcase name="@AfterMethod logOut" time="0.0" classname="com.Mumms.scripts.Admin">
    <skipped/>
  </testcase> <!-- @AfterMethod logOut -->
  <testcase name="@AfterMethod afterMethod" time="0.0" classname="com.Mumms.scripts.Admin">
    <skipped/>
  </testcase> <!-- @AfterMethod afterMethod -->
  <testcase name="@BeforeMethod beforeMethod" time="0.0" classname="com.Mumms.scripts.Admin">
    <skipped/>
  </testcase> <!-- @BeforeMethod beforeMethod -->
  <testcase name="@BeforeMethod login" time="0.0" classname="com.Mumms.scripts.Admin">
    <skipped/>
  </testcase> <!-- @BeforeMethod login -->
  <testcase name="@AfterMethod logOut" time="0.0" classname="com.Mumms.scripts.Admin">
    <skipped/>
  </testcase> <!-- @AfterMethod logOut -->
  <testcase name="@AfterMethod afterMethod" time="0.0" classname="com.Mumms.scripts.Admin">
    <skipped/>
  </testcase> <!-- @AfterMethod afterMethod -->
  <testcase name="@BeforeMethod beforeMethod" time="0.0" classname="com.Mumms.scripts.Admin">
    <skipped/>
  </testcase> <!-- @BeforeMethod beforeMethod -->
  <testcase name="@BeforeMethod login" time="0.0" classname="com.Mumms.scripts.Admin">
    <skipped/>
  </testcase> <!-- @BeforeMethod login -->
  <testcase name="@AfterMethod logOut" time="0.0" classname="com.Mumms.scripts.Admin">
    <skipped/>
  </testcase> <!-- @AfterMethod logOut -->
  <testcase name="@AfterMethod afterMethod" time="0.0" classname="com.Mumms.scripts.Admin">
    <skipped/>
  </testcase> <!-- @AfterMethod afterMethod -->
  <testcase name="@BeforeMethod beforeMethod" time="0.0" classname="com.Mumms.scripts.Admin">
    <skipped/>
  </testcase> <!-- @BeforeMethod beforeMethod -->
  <testcase name="@BeforeMethod login" time="0.0" classname="com.Mumms.scripts.Admin">
    <skipped/>
  </testcase> <!-- @BeforeMethod login -->
  <testcase name="@AfterMethod logOut" time="0.0" classname="com.Mumms.scripts.Admin">
    <skipped/>
  </testcase> <!-- @AfterMethod logOut -->
  <testcase name="@AfterMethod afterMethod" time="0.0" classname="com.Mumms.scripts.Admin">
    <skipped/>
  </testcase> <!-- @AfterMethod afterMethod -->
  <testcase name="@BeforeMethod beforeMethod" time="0.0" classname="com.Mumms.scripts.Admin">
    <skipped/>
  </testcase> <!-- @BeforeMethod beforeMethod -->
  <testcase name="@BeforeMethod login" time="0.0" classname="com.Mumms.scripts.Admin">
    <skipped/>
  </testcase> <!-- @BeforeMethod login -->
  <testcase name="@AfterMethod logOut" time="0.0" classname="com.Mumms.scripts.Admin">
    <skipped/>
  </testcase> <!-- @AfterMethod logOut -->
  <testcase name="@AfterMethod afterMethod" time="0.0" classname="com.Mumms.scripts.Admin">
    <skipped/>
  </testcase> <!-- @AfterMethod afterMethod -->
  <testcase name="@BeforeMethod beforeMethod" time="0.0" classname="com.Mumms.scripts.Admin">
    <skipped/>
  </testcase> <!-- @BeforeMethod beforeMethod -->
  <testcase name="@BeforeMethod login" time="0.0" classname="com.Mumms.scripts.Admin">
    <skipped/>
  </testcase> <!-- @BeforeMethod login -->
  <testcase name="@AfterMethod logOut" time="0.0" classname="com.Mumms.scripts.Admin">
    <skipped/>
  </testcase> <!-- @AfterMethod logOut -->
  <testcase name="@AfterMethod afterMethod" time="0.0" classname="com.Mumms.scripts.Admin">
    <skipped/>
  </testcase> <!-- @AfterMethod afterMethod -->
  <testcase name="@BeforeMethod beforeMethod" time="0.0" classname="com.Mumms.scripts.Admin">
    <skipped/>
  </testcase> <!-- @BeforeMethod beforeMethod -->
  <testcase name="@BeforeMethod login" time="0.0" classname="com.Mumms.scripts.Admin">
    <skipped/>
  </testcase> <!-- @BeforeMethod login -->
  <testcase name="@AfterMethod logOut" time="0.0" classname="com.Mumms.scripts.Admin">
    <skipped/>
  </testcase> <!-- @AfterMethod logOut -->
  <testcase name="@AfterMethod afterMethod" time="0.0" classname="com.Mumms.scripts.Admin">
    <skipped/>
  </testcase> <!-- @AfterMethod afterMethod -->
  <testcase name="@BeforeMethod beforeMethod" time="0.0" classname="com.Mumms.scripts.Admin">
    <skipped/>
  </testcase> <!-- @BeforeMethod beforeMethod -->
  <testcase name="@BeforeMethod login" time="0.0" classname="com.Mumms.scripts.Admin">
    <skipped/>
  </testcase> <!-- @BeforeMethod login -->
  <testcase name="@AfterMethod logOut" time="0.0" classname="com.Mumms.scripts.Admin">
    <skipped/>
  </testcase> <!-- @AfterMethod logOut -->
  <testcase name="@AfterMethod afterMethod" time="0.0" classname="com.Mumms.scripts.Admin">
    <skipped/>
  </testcase> <!-- @AfterMethod afterMethod -->
  <testcase name="@BeforeMethod beforeMethod" time="0.0" classname="com.Mumms.scripts.Admin">
    <skipped/>
  </testcase> <!-- @BeforeMethod beforeMethod -->
  <testcase name="@BeforeMethod login" time="0.0" classname="com.Mumms.scripts.Admin">
    <skipped/>
  </testcase> <!-- @BeforeMethod login -->
  <testcase name="@AfterMethod logOut" time="0.0" classname="com.Mumms.scripts.Admin">
    <skipped/>
  </testcase> <!-- @AfterMethod logOut -->
  <testcase name="@AfterMethod afterMethod" time="0.0" classname="com.Mumms.scripts.Admin">
    <skipped/>
  </testcase> <!-- @AfterMethod afterMethod -->
  <testcase name="@BeforeMethod beforeMethod" time="0.0" classname="com.Mumms.scripts.Admin">
    <skipped/>
  </testcase> <!-- @BeforeMethod beforeMethod -->
  <testcase name="@BeforeMethod login" time="0.0" classname="com.Mumms.scripts.Admin">
    <skipped/>
  </testcase> <!-- @BeforeMethod login -->
  <testcase name="@AfterMethod logOut" time="0.0" classname="com.Mumms.scripts.Admin">
    <skipped/>
  </testcase> <!-- @AfterMethod logOut -->
  <testcase name="@AfterMethod afterMethod" time="0.0" classname="com.Mumms.scripts.Admin">
    <skipped/>
  </testcase> <!-- @AfterMethod afterMethod -->
  <testcase name="@BeforeMethod beforeMethod" time="0.0" classname="com.Mumms.scripts.Admin">
    <skipped/>
  </testcase> <!-- @BeforeMethod beforeMethod -->
  <testcase name="@BeforeMethod login" time="0.0" classname="com.Mumms.scripts.Admin">
    <skipped/>
  </testcase> <!-- @BeforeMethod login -->
  <testcase name="@AfterMethod logOut" time="0.0" classname="com.Mumms.scripts.Admin">
    <skipped/>
  </testcase> <!-- @AfterMethod logOut -->
  <testcase name="@AfterMethod afterMethod" time="0.0" classname="com.Mumms.scripts.Admin">
    <skipped/>
  </testcase> <!-- @AfterMethod afterMethod -->
  <testcase name="@BeforeMethod beforeMethod" time="0.0" classname="com.Mumms.scripts.Admin">
    <skipped/>
  </testcase> <!-- @BeforeMethod beforeMethod -->
  <testcase name="@BeforeMethod login" time="0.0" classname="com.Mumms.scripts.Admin">
    <skipped/>
  </testcase> <!-- @BeforeMethod login -->
  <testcase name="@AfterMethod logOut" time="0.0" classname="com.Mumms.scripts.Admin">
    <skipped/>
  </testcase> <!-- @AfterMethod logOut -->
  <testcase name="@AfterMethod afterMethod" time="0.0" classname="com.Mumms.scripts.Admin">
    <skipped/>
  </testcase> <!-- @AfterMethod afterMethod -->
  <testcase name="@BeforeMethod beforeMethod" time="0.0" classname="com.Mumms.scripts.Admin">
    <skipped/>
  </testcase> <!-- @BeforeMethod beforeMethod -->
  <testcase name="@BeforeMethod login" time="0.0" classname="com.Mumms.scripts.Admin">
    <skipped/>
  </testcase> <!-- @BeforeMethod login -->
  <testcase name="@AfterMethod logOut" time="0.0" classname="com.Mumms.scripts.Admin">
    <skipped/>
  </testcase> <!-- @AfterMethod logOut -->
  <testcase name="@AfterMethod afterMethod" time="0.0" classname="com.Mumms.scripts.Admin">
    <skipped/>
  </testcase> <!-- @AfterMethod afterMethod -->
  <testcase name="@BeforeMethod beforeMethod" time="0.0" classname="com.Mumms.scripts.Admin">
    <skipped/>
  </testcase> <!-- @BeforeMethod beforeMethod -->
  <testcase name="@BeforeMethod login" time="0.0" classname="com.Mumms.scripts.Admin">
    <skipped/>
  </testcase> <!-- @BeforeMethod login -->
  <testcase name="@AfterMethod logOut" time="0.0" classname="com.Mumms.scripts.Admin">
    <skipped/>
  </testcase> <!-- @AfterMethod logOut -->
  <testcase name="@AfterMethod afterMethod" time="0.0" classname="com.Mumms.scripts.Admin">
    <skipped/>
  </testcase> <!-- @AfterMethod afterMethod -->
  <testcase name="@BeforeMethod beforeMethod" time="0.0" classname="com.Mumms.scripts.Admin">
    <skipped/>
  </testcase> <!-- @BeforeMethod beforeMethod -->
  <testcase name="@BeforeMethod login" time="0.0" classname="com.Mumms.scripts.Admin">
    <skipped/>
  </testcase> <!-- @BeforeMethod login -->
  <testcase name="@AfterMethod logOut" time="0.0" classname="com.Mumms.scripts.Admin">
    <skipped/>
  </testcase> <!-- @AfterMethod logOut -->
  <testcase name="@AfterMethod afterMethod" time="0.0" classname="com.Mumms.scripts.Admin">
    <skipped/>
  </testcase> <!-- @AfterMethod afterMethod -->
  <testcase name="@BeforeMethod beforeMethod" time="0.0" classname="com.Mumms.scripts.Admin">
    <skipped/>
  </testcase> <!-- @BeforeMethod beforeMethod -->
  <testcase name="@BeforeMethod login" time="0.0" classname="com.Mumms.scripts.Admin">
    <skipped/>
  </testcase> <!-- @BeforeMethod login -->
  <testcase name="@AfterMethod logOut" time="0.0" classname="com.Mumms.scripts.Admin">
    <skipped/>
  </testcase> <!-- @AfterMethod logOut -->
  <testcase name="@AfterMethod afterMethod" time="0.0" classname="com.Mumms.scripts.Admin">
    <skipped/>
  </testcase> <!-- @AfterMethod afterMethod -->
  <testcase name="@BeforeMethod beforeMethod" time="0.0" classname="com.Mumms.scripts.Admin">
    <skipped/>
  </testcase> <!-- @BeforeMethod beforeMethod -->
  <testcase name="@BeforeMethod login" time="0.0" classname="com.Mumms.scripts.Admin">
    <skipped/>
  </testcase> <!-- @BeforeMethod login -->
  <testcase name="@AfterMethod logOut" time="0.0" classname="com.Mumms.scripts.Admin">
    <skipped/>
  </testcase> <!-- @AfterMethod logOut -->
  <testcase name="@AfterMethod afterMethod" time="0.0" classname="com.Mumms.scripts.Admin">
    <skipped/>
  </testcase> <!-- @AfterMethod afterMethod -->
  <testcase name="@BeforeMethod beforeMethod" time="0.0" classname="com.Mumms.scripts.Admin">
    <skipped/>
  </testcase> <!-- @BeforeMethod beforeMethod -->
  <testcase name="@BeforeMethod login" time="0.0" classname="com.Mumms.scripts.Admin">
    <skipped/>
  </testcase> <!-- @BeforeMethod login -->
  <testcase name="@AfterMethod logOut" time="0.0" classname="com.Mumms.scripts.Admin">
    <skipped/>
  </testcase> <!-- @AfterMethod logOut -->
  <testcase name="@AfterMethod afterMethod" time="0.0" classname="com.Mumms.scripts.Admin">
    <skipped/>
  </testcase> <!-- @AfterMethod afterMethod -->
  <testcase name="@BeforeMethod beforeMethod" time="0.0" classname="com.Mumms.scripts.Admin">
    <skipped/>
  </testcase> <!-- @BeforeMethod beforeMethod -->
  <testcase name="@BeforeMethod login" time="0.0" classname="com.Mumms.scripts.Admin">
    <skipped/>
  </testcase> <!-- @BeforeMethod login -->
  <testcase name="@AfterMethod logOut" time="0.0" classname="com.Mumms.scripts.Admin">
    <skipped/>
  </testcase> <!-- @AfterMethod logOut -->
  <testcase name="@AfterMethod afterMethod" time="0.0" classname="com.Mumms.scripts.Admin">
    <skipped/>
  </testcase> <!-- @AfterMethod afterMethod -->
  <testcase name="@BeforeMethod beforeMethod" time="0.0" classname="com.Mumms.scripts.Admin">
    <skipped/>
  </testcase> <!-- @BeforeMethod beforeMethod -->
  <testcase name="@BeforeMethod login" time="0.0" classname="com.Mumms.scripts.Admin">
    <skipped/>
  </testcase> <!-- @BeforeMethod login -->
  <testcase name="@AfterMethod logOut" time="0.0" classname="com.Mumms.scripts.Admin">
    <skipped/>
  </testcase> <!-- @AfterMethod logOut -->
  <testcase name="@AfterMethod afterMethod" time="0.0" classname="com.Mumms.scripts.Admin">
    <skipped/>
  </testcase> <!-- @AfterMethod afterMethod -->
  <testcase name="@BeforeMethod beforeMethod" time="0.0" classname="com.Mumms.scripts.Admin">
    <skipped/>
  </testcase> <!-- @BeforeMethod beforeMethod -->
  <testcase name="@BeforeMethod login" time="0.0" classname="com.Mumms.scripts.Admin">
    <skipped/>
  </testcase> <!-- @BeforeMethod login -->
  <testcase name="@AfterMethod logOut" time="0.0" classname="com.Mumms.scripts.Admin">
    <skipped/>
  </testcase> <!-- @AfterMethod logOut -->
  <testcase name="@AfterMethod afterMethod" time="0.0" classname="com.Mumms.scripts.Admin">
    <skipped/>
  </testcase> <!-- @AfterMethod afterMethod -->
  <testcase name="@BeforeMethod beforeMethod" time="0.0" classname="com.Mumms.scripts.Admin">
    <skipped/>
  </testcase> <!-- @BeforeMethod beforeMethod -->
  <testcase name="@BeforeMethod login" time="0.0" classname="com.Mumms.scripts.Admin">
    <skipped/>
  </testcase> <!-- @BeforeMethod login -->
  <testcase name="@AfterMethod logOut" time="0.0" classname="com.Mumms.scripts.Admin">
    <skipped/>
  </testcase> <!-- @AfterMethod logOut -->
  <testcase name="@AfterMethod afterMethod" time="0.0" classname="com.Mumms.scripts.Admin">
    <skipped/>
  </testcase> <!-- @AfterMethod afterMethod -->
  <testcase name="@BeforeMethod beforeMethod" time="0.0" classname="com.Mumms.scripts.Admin">
    <skipped/>
  </testcase> <!-- @BeforeMethod beforeMethod -->
  <testcase name="@BeforeMethod login" time="0.0" classname="com.Mumms.scripts.Admin">
    <skipped/>
  </testcase> <!-- @BeforeMethod login -->
  <testcase name="@AfterMethod logOut" time="0.0" classname="com.Mumms.scripts.Admin">
    <skipped/>
  </testcase> <!-- @AfterMethod logOut -->
  <testcase name="@AfterMethod afterMethod" time="0.0" classname="com.Mumms.scripts.Admin">
    <skipped/>
  </testcase> <!-- @AfterMethod afterMethod -->
  <testcase name="@BeforeMethod beforeMethod" time="0.0" classname="com.Mumms.scripts.Admin">
    <skipped/>
  </testcase> <!-- @BeforeMethod beforeMethod -->
  <testcase name="@BeforeMethod login" time="0.0" classname="com.Mumms.scripts.Admin">
    <skipped/>
  </testcase> <!-- @BeforeMethod login -->
  <testcase name="@AfterMethod logOut" time="0.0" classname="com.Mumms.scripts.Admin">
    <skipped/>
  </testcase> <!-- @AfterMethod logOut -->
  <testcase name="@AfterMethod afterMethod" time="0.0" classname="com.Mumms.scripts.Admin">
    <skipped/>
  </testcase> <!-- @AfterMethod afterMethod -->
  <testcase name="@BeforeMethod beforeMethod" time="0.0" classname="com.Mumms.scripts.Admin">
    <skipped/>
  </testcase> <!-- @BeforeMethod beforeMethod -->
  <testcase name="@BeforeMethod login" time="0.0" classname="com.Mumms.scripts.Admin">
    <skipped/>
  </testcase> <!-- @BeforeMethod login -->
  <testcase name="@AfterMethod logOut" time="0.0" classname="com.Mumms.scripts.Admin">
    <skipped/>
  </testcase> <!-- @AfterMethod logOut -->
  <testcase name="@AfterMethod afterMethod" time="0.0" classname="com.Mumms.scripts.Admin">
    <skipped/>
  </testcase> <!-- @AfterMethod afterMethod -->
  <testcase name="@BeforeMethod beforeMethod" time="0.0" classname="com.Mumms.scripts.Admin">
    <skipped/>
  </testcase> <!-- @BeforeMethod beforeMethod -->
  <testcase name="@BeforeMethod login" time="0.0" classname="com.Mumms.scripts.Admin">
    <skipped/>
  </testcase> <!-- @BeforeMethod login -->
  <testcase name="@AfterMethod logOut" time="0.0" classname="com.Mumms.scripts.Admin">
    <skipped/>
  </testcase> <!-- @AfterMethod logOut -->
  <testcase name="@AfterMethod afterMethod" time="0.0" classname="com.Mumms.scripts.Admin">
    <skipped/>
  </testcase> <!-- @AfterMethod afterMethod -->
  <testcase name="@AfterClass afterTest" time="0.0" classname="com.Mumms.scripts.Admin">
    <failure type="org.testng.TestNGException" message="
Parameter &amp;apos;browser&amp;apos; is required by @Configuration on method afterTest but has not been marked @Optional or defined
in C:\Users\in01994\AppData\Local\Temp\testng-eclipse-754861828\testng-customsuite.xml">
      <![CDATA[org.testng.TestNGException: 
Parameter 'browser' is required by @Configuration on method afterTest but has not been marked @Optional or defined
in C:\Users\in01994\AppData\Local\Temp\testng-eclipse-754861828\testng-customsuite.xml
	at org.testng.internal.Parameters.createParameters(Parameters.java:148)
	at org.testng.internal.Parameters.createParameters(Parameters.java:361)
	at org.testng.internal.Parameters.createConfigurationParameters(Parameters.java:84)
	at org.testng.internal.Invoker.invokeConfigurations(Invoker.java:197)
	at org.testng.internal.Invoker.invokeConfigurations(Invoker.java:138)
	at org.testng.internal.TestMethodWorker.invokeAfterClassMethods(TestMethodWorker.java:220)
	at org.testng.internal.TestMethodWorker.run(TestMethodWorker.java:111)
	at org.testng.TestRunner.privateRun(TestRunner.java:773)
	at org.testng.TestRunner.run(TestRunner.java:623)
	at org.testng.SuiteRunner.runTest(SuiteRunner.java:357)
	at org.testng.SuiteRunner.runSequentially(SuiteRunner.java:352)
	at org.testng.SuiteRunner.privateRun(SuiteRunner.java:310)
	at org.testng.SuiteRunner.run(SuiteRunner.java:259)
	at org.testng.SuiteRunnerWorker.runSuite(SuiteRunnerWorker.java:52)
	at org.testng.SuiteRunnerWorker.run(SuiteRunnerWorker.java:86)
	at org.testng.TestNG.runSuitesSequentially(TestNG.java:1185)
	at org.testng.TestNG.runSuitesLocally(TestNG.java:1110)
	at org.testng.TestNG.run(TestNG.java:1018)
	at org.testng.remote.RemoteTestNG.run(RemoteTestNG.java:111)
	at org.testng.remote.RemoteTestNG.initAndRun(RemoteTestNG.java:204)
	at org.testng.remote.RemoteTestNG.main(RemoteTestNG.java:175)
]]>
    </failure>
  </testcase> <!-- @AfterClass afterTest -->
  <testcase name="addHospiceElection" time="0.01" classname="com.Mumms.scripts.Admin">
    <skipped/>
  </testcase> <!-- addHospiceElection -->
  <testcase name="addIDGTeams" time="0.0" classname="com.Mumms.scripts.Admin">
    <skipped/>
  </testcase> <!-- addIDGTeams -->
  <testcase name="addInsuranceCarrier" time="0.0" classname="com.Mumms.scripts.Admin">
    <skipped/>
  </testcase> <!-- addInsuranceCarrier -->
  <testcase name="addMedicareIntermediary" time="0.0" classname="com.Mumms.scripts.Admin">
    <skipped/>
  </testcase> <!-- addMedicareIntermediary -->
  <testcase name="addNewChurch" time="0.0" classname="com.Mumms.scripts.Admin">
    <skipped/>
  </testcase> <!-- addNewChurch -->
  <testcase name="addNewProgram" time="0.0" classname="com.Mumms.scripts.Admin">
    <skipped/>
  </testcase> <!-- addNewProgram -->
  <testcase name="addNewReasons" time="0.0" classname="com.Mumms.scripts.Admin">
    <skipped/>
  </testcase> <!-- addNewReasons -->
  <testcase name="addNewReligion" time="0.0" classname="com.Mumms.scripts.Admin">
    <skipped/>
  </testcase> <!-- addNewReligion -->
  <testcase name="addNewRole" time="0.0" classname="com.Mumms.scripts.Admin">
    <skipped/>
  </testcase> <!-- addNewRole -->
  <testcase name="addPhysicianServicesRecord" time="0.0" classname="com.Mumms.scripts.Admin">
    <skipped/>
  </testcase> <!-- addPhysicianServicesRecord -->
  <testcase name="addRecordRoomBoardRateTiers" time="0.0" classname="com.Mumms.scripts.Admin">
    <skipped/>
  </testcase> <!-- addRecordRoomBoardRateTiers -->
  <testcase name="configureRequiredFields" time="0.0" classname="com.Mumms.scripts.Admin">
    <skipped/>
  </testcase> <!-- configureRequiredFields -->
  <testcase name="deleteCreatedProgram" time="0.0" classname="com.Mumms.scripts.Admin">
    <skipped/>
  </testcase> <!-- deleteCreatedProgram -->
  <testcase name="deleteCreatedReligion" time="0.0" classname="com.Mumms.scripts.Admin">
    <skipped/>
  </testcase> <!-- deleteCreatedReligion -->
  <testcase name="deleteMedicare" time="0.0" classname="com.Mumms.scripts.Admin">
    <skipped/>
  </testcase> <!-- deleteMedicare -->
  <testcase name="deleteRecordRoomBoardRateTiers" time="0.0" classname="com.Mumms.scripts.Admin">
    <skipped/>
  </testcase> <!-- deleteRecordRoomBoardRateTiers -->
  <testcase name="editCreatedRole" time="0.0" classname="com.Mumms.scripts.Admin">
    <skipped/>
  </testcase> <!-- editCreatedRole -->
  <testcase name="insuranceCarrierSearch" time="0.0" classname="com.Mumms.scripts.Admin">
    <skipped/>
  </testcase> <!-- insuranceCarrierSearch -->
  <testcase name="insuranceCarrierUpdate" time="0.001" classname="com.Mumms.scripts.Admin">
    <skipped/>
  </testcase> <!-- insuranceCarrierUpdate -->
  <testcase name="roleAssignmentsDragVerify" time="0.0" classname="com.Mumms.scripts.Admin">
    <skipped/>
  </testcase> <!-- roleAssignmentsDragVerify -->
  <testcase name="saveHospiceElection" time="0.0" classname="com.Mumms.scripts.Admin">
    <skipped/>
  </testcase> <!-- saveHospiceElection -->
  <testcase name="searchPhysicianGrid" time="0.0" classname="com.Mumms.scripts.Admin">
    <skipped/>
  </testcase> <!-- searchPhysicianGrid -->
  <testcase name="sendActivationEmail" time="0.0" classname="com.Mumms.scripts.Admin">
    <skipped/>
  </testcase> <!-- sendActivationEmail -->
  <testcase name="testCreatePatientInAdminCreatedSite" time="0.0" classname="com.Mumms.scripts.Admin">
    <skipped/>
  </testcase> <!-- testCreatePatientInAdminCreatedSite -->
  <testcase name="testUpdateSite" time="0.0" classname="com.Mumms.scripts.Admin">
    <skipped/>
  </testcase> <!-- testUpdateSite -->
  <testcase name="updateAdjustmentReasons" time="0.0" classname="com.Mumms.scripts.Admin">
    <skipped/>
  </testcase> <!-- updateAdjustmentReasons -->
  <testcase name="updateExistingChurch" time="0.0" classname="com.Mumms.scripts.Admin">
    <skipped/>
  </testcase> <!-- updateExistingChurch -->
  <testcase name="updatePhysicianServicesRecord" time="0.0" classname="com.Mumms.scripts.Admin">
    <skipped/>
  </testcase> <!-- updatePhysicianServicesRecord -->
  <testcase name="verifyDiagnosisCodes" time="0.0" classname="com.Mumms.scripts.Admin">
    <skipped/>
  </testcase> <!-- verifyDiagnosisCodes -->
  <testcase name="verifyDischargecodes" time="0.0" classname="com.Mumms.scripts.Admin">
    <skipped/>
  </testcase> <!-- verifyDischargecodes -->
  <testcase name="verifyNewPersonsDetails" time="0.0" classname="com.Mumms.scripts.Admin">
    <skipped/>
  </testcase> <!-- verifyNewPersonsDetails -->
  <testcase name="verifyOfficeDetails" time="0.0" classname="com.Mumms.scripts.Admin">
    <skipped/>
  </testcase> <!-- verifyOfficeDetails -->
  <testcase name="verifyPersonsDetails" time="0.0" classname="com.Mumms.scripts.Admin">
    <skipped/>
  </testcase> <!-- verifyPersonsDetails -->
  <testcase name="verifyReferalSourceType" time="0.0" classname="com.Mumms.scripts.Admin">
    <skipped/>
  </testcase> <!-- verifyReferalSourceType -->
  <testcase name="verifyReferralRejectionReasons" time="0.0" classname="com.Mumms.scripts.Admin">
    <skipped/>
  </testcase> <!-- verifyReferralRejectionReasons -->
  <testcase name="verifyRegionsDetails" time="0.0" classname="com.Mumms.scripts.Admin">
    <skipped/>
  </testcase> <!-- verifyRegionsDetails -->
  <testcase name="verifyRoleAssignments" time="0.0" classname="com.Mumms.scripts.Admin">
    <skipped/>
  </testcase> <!-- verifyRoleAssignments -->
  <testcase name="verifyingFacilities" time="0.0" classname="com.Mumms.scripts.Admin">
    <skipped/>
  </testcase> <!-- verifyingFacilities -->
  <testcase name="verifyingPhysicianGrid" time="0.0" classname="com.Mumms.scripts.Admin">
    <skipped/>
  </testcase> <!-- verifyingPhysicianGrid -->
  <testcase name="wrongPasswordMedicare" time="0.0" classname="com.Mumms.scripts.Admin">
    <skipped/>
  </testcase> <!-- wrongPasswordMedicare -->
</testsuite> <!-- Default test -->
