<?xml version="1.0" encoding="UTF-8"?>
<!-- Generated by org.testng.reporters.JUnitXMLReporter -->
<testsuite hostname="WIN-PBVU1D92USF" name="ChromeWindowsLocal" tests="39" failures="2" timestamp="10 Feb 2016 11:06:32 GMT" time="6640.935" errors="0">
  <testcase name="TestLogin" time="43.423" classname="com.SalesForce.scripts.Login"/>
  <testcase name="TestCreateNewAccount" time="92.247" classname="com.SalesForce.scripts.Accounts"/>
  <testcase name="TestCreateLPDOpportunity" time="109.046" classname="com.SalesForce.scripts.Opportunity"/>
  <testcase name="CreateSalesandSupportTask" time="116.597" classname="com.SalesForce.scripts.Activity"/>
  <testcase name="CreateCaseFromAccounts" time="120.795" classname="com.SalesForce.scripts.Case"/>
  <testcase name="CreateCaseFromAccounts" time="0.0" classname="com.SalesForce.scripts.Case"/>
  <testcase name="TestViewAllContacts" time="54.033" classname="com.SalesForce.scripts.Contacts"/>
  <testcase name="TestViewExistingAccount" time="40.913" classname="com.SalesForce.scripts.Accounts"/>
  <testcase name="TestCustomize_AddTab" time="11.169" classname="com.SalesForce.scripts.Home">
    <failure type="java.lang.AssertionError" message="The tab - Badges is not found in the list.">
      <![CDATA[java.lang.AssertionError: The tab - Badges is not found in the list.
	at com.SalesForce.libs.HomeLib.customize_addTab(HomeLib.java:104)
	at com.SalesForce.scripts.Home.TestCustomize_AddTab(Home.java:71)
	at java.util.concurrent.FutureTask.run(Unknown Source)
	at java.util.concurrent.ThreadPoolExecutor.runWorker(Unknown Source)
	at java.util.concurrent.ThreadPoolExecutor$Worker.run(Unknown Source)
	at java.lang.Thread.run(Unknown Source)
... Removed 17 stack frames]]>
    </failure>
  </testcase> <!-- TestCustomize_AddTab -->
  <testcase name="TestCustomize_AddTab" time="9.846" classname="com.SalesForce.scripts.Home">
    <failure type="java.lang.AssertionError" message="The tab - Files is not found in the list.">
      <![CDATA[java.lang.AssertionError: The tab - Files is not found in the list.
	at com.SalesForce.libs.HomeLib.customize_addTab(HomeLib.java:104)
	at com.SalesForce.scripts.Home.TestCustomize_AddTab(Home.java:71)
	at java.util.concurrent.FutureTask.run(Unknown Source)
	at java.util.concurrent.ThreadPoolExecutor.runWorker(Unknown Source)
	at java.util.concurrent.ThreadPoolExecutor$Worker.run(Unknown Source)
	at java.lang.Thread.run(Unknown Source)
... Removed 17 stack frames]]>
    </failure>
  </testcase> <!-- TestCustomize_AddTab -->
  <testcase name="TestCreateContact" time="188.088" classname="com.SalesForce.scripts.Contacts"/>
  <testcase name="CreateSalesandSupportTaskOpportunity" time="170.113" classname="com.SalesForce.scripts.Activity"/>
  <testcase name="CreateCaseFromContact" time="143.077" classname="com.SalesForce.scripts.Case"/>
  <testcase name="TestCustomize_RemoveTab" time="43.838" classname="com.SalesForce.scripts.Home"/>
  <testcase name="TestCustomize_RemoveTab" time="45.035" classname="com.SalesForce.scripts.Home"/>
  <testcase name="TestViewAndEditMyAccounts" time="83.489" classname="com.SalesForce.scripts.Accounts"/>
  <testcase name="TestCreateNegativeWinBackOpportunity" time="129.613" classname="com.SalesForce.scripts.Opportunity"/>
  <testcase name="CreateSalesandSupportTaskContact" time="137.405" classname="com.SalesForce.scripts.Activity"/>
  <testcase name="TestCreateDuplicateContact" time="144.011" classname="com.SalesForce.scripts.Contacts"/>
  <testcase name="TestViewHierarchy" time="67.665" classname="com.SalesForce.scripts.Accounts"/>
  <testcase name="TestVerifyMyTaskAndCalenderSection" time="32.612" classname="com.SalesForce.scripts.Home"/>
  <testcase name="CreateCaseFromOpportunity" time="0.0" classname="com.SalesForce.scripts.Case"/>
  <testcase name="CreateCaseFromOpportunity" time="0.0" classname="com.SalesForce.scripts.Case"/>
  <testcase name="CreateCaseFromOpportunity" time="0.0" classname="com.SalesForce.scripts.Case"/>
  <testcase name="CreateCaseFromOpportunity" time="151.732" classname="com.SalesForce.scripts.Case"/>
  <testcase name="TestCreateNegativeWinBackOpportunityWorkflow" time="127.595" classname="com.SalesForce.scripts.Opportunity"/>
  <testcase name="TestCreateContactForAnAccount" time="89.468" classname="com.SalesForce.scripts.Accounts"/>
  <testcase name="TestLinkContactWithMultipleAccounts" time="138.693" classname="com.SalesForce.scripts.Contacts"/>
  <testcase name="CreateSalesandSupportTaskMultipleContact" time="154.901" classname="com.SalesForce.scripts.Activity"/>
  <testcase name="TransferCase" time="122.404" classname="com.SalesForce.scripts.Case"/>
  <testcase name="TransferCase" time="121.14" classname="com.SalesForce.scripts.Case"/>
  <testcase name="TestViewCompetitorProducts" time="55.163" classname="com.SalesForce.scripts.Accounts"/>
  <testcase name="CreateActivityFromAccounts" time="112.814" classname="com.SalesForce.scripts.Activity"/>
  <testcase name="CaseEscalationRules" time="160.473" classname="com.SalesForce.scripts.Case"/>
  <testcase name="Test360viewofaccount" time="74.874" classname="com.SalesForce.scripts.Accounts"/>
  <testcase name="TestCreateNewReport" time="123.702" classname="com.SalesForce.scripts.Accounts"/>
  <testcase name="CreateActivityFromOpportunity" time="87.061" classname="com.SalesForce.scripts.Activity"/>
  <testcase name="CreateActivityFromContact" time="130.698" classname="com.SalesForce.scripts.Activity"/>
  <testcase name="DifferentiationBetweenActivityAndTask" time="112.17" classname="com.SalesForce.scripts.Activity"/>
</testsuite> <!-- ChromeWindowsLocal -->
