<?xml version="1.0" encoding="UTF-8"?>
<!-- Generated by org.testng.reporters.JUnitXMLReporter -->
<testsuite hostname="WIN-PBVU1D92USF" name="IEWindowsLocal" tests="3" failures="0" timestamp="10 Feb 2016 11:58:19 GMT" time="642.945" errors="0">
  <testcase name="CreateSalesandSupportTaskContact" time="138.953" classname="com.SalesForce.scripts.Activity"/>
  <testcase name="CreateActivityFromContact" time="132.811" classname="com.SalesForce.scripts.Activity"/>
  <testcase name="DifferentiationBetweenActivityAndTask" time="109.346" classname="com.SalesForce.scripts.Activity"/>
</testsuite> <!-- IEWindowsLocal -->
